# JRE version: OpenJDK Runtime Environment Temurin-17.0.4+8 (17.0.4+8) (build 17.0.4+8)
# Java VM: OpenJDK 64-Bit Server VM Temurin-17.0.4+8 (17.0.4+8, mixed mode, emulated-client, tiered, compressed oops, compressed class ptrs, g1 gc, windows-amd64)
GC Precious Log:
 CPUs: 4 total, 4 available
 Memory: 16245M
 Large Page Support: Disabled
 NUMA Support: Disabled
 Compressed Oops: Enabled (Zero based)
 Heap Region Size: 2M
 Heap Min Capacity: 8M
 Heap Initial Capacity: 254M
 Heap Max Capacity: 4062M
 Pre-touch: Disabled
 Parallel Workers: 4
 Concurrent Workers: 1
 Concurrent Refinement Workers: 4
 Periodic GC: Disabled
Heap:
 garbage-first heap   total 122880K, used 36484K [0x0000000702200000, 0x0000000800000000)
  region size 2048K, 1 young (2048K), 0 survivors (0K)
 Metaspace       used 54850K, committed 55360K, reserved 1097728K
  class space    used 7260K, committed 7488K, reserved 1048576K
GC Heap History (20 events):
Event: 5058.140 GC heap before
{Heap before GC invocations=469 (full 147):
 garbage-first heap   total 122880K, used 36484K [0x0000000702200000, 0x0000000800000000)
  region size 2048K, 1 young (2048K), 0 survivors (0K)
 Metaspace       used 54850K, committed 55360K, reserved 1097728K
  class space    used 7260K, committed 7488K, reserved 1048576K
}
Event: 5058.221 GC heap after
{Heap after GC invocations=470 (full 148):
 garbage-first heap   total 122880K, used 36484K [0x0000000702200000, 0x0000000800000000)
  region size 2048K, 0 young (0K), 0 survivors (0K)
 Metaspace       used 54850K, committed 55360K, reserved 1097728K
  class space    used 7260K, committed 7488K, reserved 1048576K
}
Event: 5068.422 GC heap before
{Heap before GC invocations=470 (full 148):
 garbage-first heap   total 122880K, used 36484K [0x0000000702200000, 0x0000000800000000)
  region size 2048K, 1 young (2048K), 0 survivors (0K)
 Metaspace       used 54850K, committed 55360K, reserved 1097728K
  class space    used 7260K, committed 7488K, reserved 1048576K
}
Event: 5068.511 GC heap after
{Heap after GC invocations=471 (full 149):
 garbage-first heap   total 122880K, used 36484K [0x0000000702200000, 0x0000000800000000)
  region size 2048K, 0 young (0K), 0 survivors (0K)
 Metaspace       used 54850K, committed 55360K, reserved 1097728K
  class space    used 7260K, committed 7488K, reserved 1048576K
}
Event: 5078.712 GC heap before
{Heap before GC invocations=471 (full 149):
 garbage-first heap   total 122880K, used 36484K [0x0000000702200000, 0x0000000800000000)
  region size 2048K, 1 young (2048K), 0 survivors (0K)
 Metaspace       used 54850K, committed 55360K, reserved 1097728K
  class space    used 7260K, committed 7488K, reserved 1048576K
}
Event: 5078.793 GC heap after
{Heap after GC invocations=472 (full 150):
 garbage-first heap   total 122880K, used 36484K [0x0000000702200000, 0x0000000800000000)
  region size 2048K, 0 young (0K), 0 survivors (0K)
 Metaspace       used 54850K, committed 55360K, reserved 1097728K
  class space    used 7260K, committed 7488K, reserved 1048576K
}
Event: 5089.009 GC heap before
{Heap before GC invocations=472 (full 150):
 garbage-first heap   total 122880K, used 36484K [0x0000000702200000, 0x0000000800000000)
  region size 2048K, 1 young (2048K), 0 survivors (0K)
 Metaspace       used 54850K, committed 55360K, reserved 1097728K
  class space    used 7260K, committed 7488K, reserved 1048576K
}
Event: 5089.092 GC heap after
{Heap after GC invocations=473 (full 151):
 garbage-first heap   total 122880K, used 36484K [0x0000000702200000, 0x0000000800000000)
  region size 2048K, 0 young (0K), 0 survivors (0K)
 Metaspace       used 54850K, committed 55360K, reserved 1097728K
  class space    used 7260K, committed 7488K, reserved 1048576K
}
Event: 5099.263 GC heap before
{Heap before GC invocations=473 (full 151):
 garbage-first heap   total 122880K, used 36484K [0x0000000702200000, 0x0000000800000000)
  region size 2048K, 1 young (2048K), 0 survivors (0K)
 Metaspace       used 54850K, committed 55360K, reserved 1097728K
  class space    used 7260K, committed 7488K, reserved 1048576K
}
Event: 5099.339 GC heap after
{Heap after GC invocations=474 (full 152):
 garbage-first heap   total 122880K, used 36484K [0x0000000702200000, 0x0000000800000000)
  region size 2048K, 0 young (0K), 0 survivors (0K)
 Metaspace       used 54850K, committed 55360K, reserved 1097728K
  class space    used 7260K, committed 7488K, reserved 1048576K
}
Event: 5109.549 GC heap before
{Heap before GC invocations=474 (full 152):
 garbage-first heap   total 122880K, used 36484K [0x0000000702200000, 0x0000000800000000)
  region size 2048K, 1 young (2048K), 0 survivors (0K)
 Metaspace       used 54850K, committed 55360K, reserved 1097728K
  class space    used 7260K, committed 7488K, reserved 1048576K
}
Event: 5109.618 GC heap after
{Heap after GC invocations=475 (full 153):
 garbage-first heap   total 122880K, used 36484K [0x0000000702200000, 0x0000000800000000)
  region size 2048K, 0 young (0K), 0 survivors (0K)
 Metaspace       used 54850K, committed 55360K, reserved 1097728K
  class space    used 7260K, committed 7488K, reserved 1048576K
}
Event: 5119.796 GC heap before
{Heap before GC invocations=475 (full 153):
 garbage-first heap   total 122880K, used 36484K [0x0000000702200000, 0x0000000800000000)
  region size 2048K, 1 young (2048K), 0 survivors (0K)
 Metaspace       used 54850K, committed 55360K, reserved 1097728K
  class space    used 7260K, committed 7488K, reserved 1048576K
}
Event: 5119.881 GC heap after
{Heap after GC invocations=476 (full 154):
 garbage-first heap   total 122880K, used 36484K [0x0000000702200000, 0x0000000800000000)
  region size 2048K, 0 young (0K), 0 survivors (0K)
 Metaspace       used 54850K, committed 55360K, reserved 1097728K
  class space    used 7260K, committed 7488K, reserved 1048576K
}
Event: 5130.081 GC heap before
{Heap before GC invocations=476 (full 154):
 garbage-first heap   total 122880K, used 36484K [0x0000000702200000, 0x0000000800000000)
  region size 2048K, 1 young (2048K), 0 survivors (0K)
 Metaspace       used 54850K, committed 55360K, reserved 1097728K
  class space    used 7260K, committed 7488K, reserved 1048576K
}
Event: 5130.155 GC heap after
{Heap after GC invocations=477 (full 155):
 garbage-first heap   total 122880K, used 36484K [0x0000000702200000, 0x0000000800000000)
  region size 2048K, 0 young (0K), 0 survivors (0K)
 Metaspace       used 54850K, committed 55360K, reserved 1097728K
  class space    used 7260K, committed 7488K, reserved 1048576K
}
Event: 5140.345 GC heap before
{Heap before GC invocations=477 (full 155):
 garbage-first heap   total 122880K, used 36484K [0x0000000702200000, 0x0000000800000000)
  region size 2048K, 1 young (2048K), 0 survivors (0K)
 Metaspace       used 54850K, committed 55360K, reserved 1097728K
  class space    used 7260K, committed 7488K, reserved 1048576K
}
Event: 5140.426 GC heap after
{Heap after GC invocations=478 (full 156):
 garbage-first heap   total 122880K, used 36484K [0x0000000702200000, 0x0000000800000000)
  region size 2048K, 0 young (0K), 0 survivors (0K)
 Metaspace       used 54850K, committed 55360K, reserved 1097728K
  class space    used 7260K, committed 7488K, reserved 1048576K
}
Event: 5150.625 GC heap before
{Heap before GC invocations=478 (full 156):
 garbage-first heap   total 122880K, used 36484K [0x0000000702200000, 0x0000000800000000)
  region size 2048K, 1 young (2048K), 0 survivors (0K)
 Metaspace       used 54850K, committed 55360K, reserved 1097728K
  class space    used 7260K, committed 7488K, reserved 1048576K
}
Event: 5150.711 GC heap after
{Heap after GC invocations=479 (full 157):
 garbage-first heap   total 122880K, used 36484K [0x0000000702200000, 0x0000000800000000)
  region size 2048K, 0 young (0K), 0 survivors (0K)
 Metaspace       used 54850K, committed 55360K, reserved 1097728K
  class space    used 7260K, committed 7488K, reserved 1048576K
}

